<?xml version="1.0" encoding="UTF-8"?>
<!-- Generated by org.testng.reporters.JUnitReportReporter -->
<testsuite hostname="DESKTOP-D3O5ALE" failures="0" tests="14" name="com.tutorialsninja.qa.Test.Login" time="65.851" errors="0" timestamp="2024-08-17T19:55:18 IST" skipped="0">
  <testcase classname="com.tutorialsninja.qa.Test.Login" name="verifyLoginPassWithvalidCredentials_TC_LF_001" time="3.618"/>
  <testcase classname="com.tutorialsninja.qa.Test.Login" name="verifyLoginFailsWithInvalidCredentials_TC_LF_002" time="3.962"/>
  <testcase classname="com.tutorialsninja.qa.Test.Login" name="verifyLoginFailsWithInvalidEmailAandValidPassword_TC_LF_003" time="4.392"/>
  <testcase classname="com.tutorialsninja.qa.Test.Login" name="verifyLoginFailsWithValidEmailAandInvalidPassword_TC_LF_004" time="3.874"/>
  <testcase classname="com.tutorialsninja.qa.Test.Login" name="TC_LF_005_verifyLoginFailWithoutCreadentials" time="3.447"/>
  <testcase classname="com.tutorialsninja.qa.Test.Login" name="TC_LF_006_VerifyForgottenPasswordLinkIsPresentAndFunctional" time="3.502"/>
  <testcase classname="com.tutorialsninja.qa.Test.Login" name="TC_LF_007_VerifyLoginWithTabAndEnterWithValidCreadentials" time="4.810"/>
  <testcase classname="com.tutorialsninja.qa.Test.Login" name="TC_LF_008_VerifyEmailAndPasswordPlaceholderTexts" time="2.987"/>
  <testcase classname="com.tutorialsninja.qa.Test.Login" name="TC_LF_012_VerifyUnsuccessfulLoginAttemptsAndWarningDisplayed" time="6.408"/>
  <testcase classname="com.tutorialsninja.qa.Test.Login" name="TC_LF_013_VerifyPasswordFieldVisibilityToggle" time="2.760"/>
  <testcase classname="com.tutorialsninja.qa.Test.Login" name="TC_LF_014_TestPasswordFieldCopyFunctionality" time="3.206"/>
  <testcase classname="com.tutorialsninja.qa.Test.Login" name="TC_LF_017_ClosingBrowserUponLoginAndReopenToCheckSeccesionIsMaintained" time="5.850"/>
  <testcase classname="com.tutorialsninja.qa.Test.Login" name="TC_LF_020_VerifyLoginWithAllAvailableWays" time="10.694"/>
  <testcase classname="com.tutorialsninja.qa.Test.Login" name="TC_LF_016_VerifyLoggingIntoApplicationAfterChangingThePassword" time="6.341"/>
</testsuite> <!-- com.tutorialsninja.qa.Test.Login -->
